Build started 6/8/2015 8:14:38 PM.
     1>Project "C:\Users\Neeks\documents\visual studio 2013\Projects\Interactive_Character_Sheet\Interactive_Character_Sheet.vcxproj" on node 2 (Build target(s)).
     1>ClCompile:
         C:\Program Files (x86)\Microsoft Visual Studio 12.0\VC\bin\CL.exe /c /ZI /nologo /W3 /WX- /sdl /Od /Oy- /D WIN32 /D _DEBUG /D _WINDOWS /D _UNICODE /D UNICODE /Gm /EHsc /RTC1 /MDd /GS /fp:precise /Zc:wchar_t /Zc:forScope /Fo"Debug\\" /Fd"Debug\vc120.pdb" /Gd /TP /analyze- /errorReport:prompt charsheet.cpp main.cpp
         main.cpp
         charsheet.cpp
         Generating Code...
     1>c:\users\neeks\documents\visual studio 2013\projects\interactive_character_sheet\charsheet.cpp(10): warning C4715: 'charsheet::HandleMessage' : not all control paths return a value
       Link:
         C:\Program Files (x86)\Microsoft Visual Studio 12.0\VC\bin\link.exe /ERRORREPORT:PROMPT /OUT:"C:\Users\Neeks\documents\visual studio 2013\Projects\Interactive_Character_Sheet\Debug\Interactive_Character_Sheet.exe" /INCREMENTAL /NOLOGO kernel32.lib user32.lib gdi32.lib winspool.lib comdlg32.lib advapi32.lib shell32.lib ole32.lib oleaut32.lib uuid.lib odbc32.lib odbccp32.lib /MANIFEST /MANIFESTUAC:"level='asInvoker' uiAccess='false'" /manifest:embed /DEBUG /PDB:"C:\Users\Neeks\documents\visual studio 2013\Projects\Interactive_Character_Sheet\Debug\Interactive_Character_Sheet.pdb" /SUBSYSTEM:WINDOWS /TLBID:1 /DYNAMICBASE /NXCOMPAT /IMPLIB:"C:\Users\Neeks\documents\visual studio 2013\Projects\Interactive_Character_Sheet\Debug\Interactive_Character_Sheet.lib" /MACHINE:X86 Debug\window.obj
         Debug\charsheet.obj
         Debug\main.obj
     1>MSVCRTD.lib(crtexew.obj) : error LNK2019: unresolved external symbol _WinMain@16 referenced in function ___tmainCRTStartup
     1>C:\Users\Neeks\documents\visual studio 2013\Projects\Interactive_Character_Sheet\Debug\Interactive_Character_Sheet.exe : fatal error LNK1120: 1 unresolved externals
     1>Done Building Project "C:\Users\Neeks\documents\visual studio 2013\Projects\Interactive_Character_Sheet\Interactive_Character_Sheet.vcxproj" (Build target(s)) -- FAILED.

Build FAILED.

Time Elapsed 00:00:01.18
